[0m[[0m[0mdebug[0m] [0m[0m> Exec(run, Some(85c2d758-01af-4e01-b1c0-49c270b8dba1), Some(CommandSource(console0)))[0m
[0m[[0m[0mdebug[0m] [0m[0mEvaluating tasks: Compile / run[0m
[0m[[0m[0mdebug[0m] [0m[0mRunning task... Cancel: Signal, check cycles: false, forcegc: true[0m
[0m[[0m[0minfo[0m] [0m[0mcompiling 2 Scala sources to /Users/dashygo/Dev/Hardware/projects/opts/target/scala-2.13/classes ...[0m
[0m[[0m[31merror[0m] [0m[0mchisel3.package$ExpectedHardwareException: bits operated on 'SInt<32>' must be hardware, not a bare Chisel type. Perhaps you forgot to wrap it in Wire(_) or IO(_)?[0m
[0m[[0m[31merror[0m] [0m[0m	at ... ()[0m
[0m[[0m[31merror[0m] [0m[0m	at utils.Float.$anonfun$$minus$4(float.scala:19)[0m
[0m[[0m[31merror[0m] [0m[0m	at chisel3.Data.$anonfun$$colon$eq$1(Data.scala:773)[0m
[0m[[0m[31merror[0m] [0m[0m	at scala.runtime.java8.JFunction0$mcV$sp.apply(JFunction0$mcV$sp.scala:18)[0m
[0m[[0m[31merror[0m] [0m[0m	at chisel3.experimental.prefix$.apply(prefix.scala:33)[0m
[0m[[0m[31merror[0m] [0m[0m	at chisel3.Data.$colon$eq(Data.scala:773)[0m
[0m[[0m[31merror[0m] [0m[0m	at utils.Float.$minus(float.scala:19)[0m
[0m[[0m[31merror[0m] [0m[0m	at fm.Abs.$anonfun$out$4(abs.scala:16)[0m
[0m[[0m[31merror[0m] [0m[0m	at chisel3.experimental.prefix$.apply(prefix.scala:50)[0m
[0m[[0m[31merror[0m] [0m[0m	at fm.Abs.$anonfun$out$3(abs.scala:16)[0m
[0m[[0m[31merror[0m] [0m[0m	at chisel3.internal.plugin.package$.autoNameRecursively(package.scala:33)[0m
[0m[[0m[31merror[0m] [0m[0m	at fm.Abs.<init>(abs.scala:16)[0m
[0m[[0m[31merror[0m] [0m[0m	at fm.EnFM$.$anonfun$code$1(frontend.scala:12)[0m
[0m[[0m[31merror[0m] [0m[0m	at chisel3.Module$.evaluate(Module.scala:88)[0m
[0m[[0m[31merror[0m] [0m[0m	at chisel3.Module$.do_apply(Module.scala:35)[0m
[0m[[0m[31merror[0m] [0m[0m	at chisel3.stage.phases.Elaborate.$anonfun$transform$2(Elaborate.scala:53)[0m
[0m[[0m[31merror[0m] [0m[0m	at chisel3.internal.Builder$.$anonfun$buildImpl$1(Builder.scala:1044)[0m
[0m[[0m[31merror[0m] [0m[0m	at scala.util.DynamicVariable.withValue(DynamicVariable.scala:59)[0m
[0m[[0m[31merror[0m] [0m[0m	at chisel3.internal.Builder$.buildImpl(Builder.scala:1034)[0m
[0m[[0m[31merror[0m] [0m[0m	at chisel3.internal.Builder$.$anonfun$build$1(Builder.scala:1025)[0m
[0m[[0m[31merror[0m] [0m[0m	at logger.Logger$.$anonfun$makeScope$4(Logger.scala:148)[0m
[0m[[0m[31merror[0m] [0m[0m	at scala.util.DynamicVariable.withValue(DynamicVariable.scala:59)[0m
[0m[[0m[31merror[0m] [0m[0m	at logger.Logger$.makeScope(Logger.scala:146)[0m
[0m[[0m[31merror[0m] [0m[0m	at logger.Logger$.makeScope(Logger.scala:133)[0m
[0m[[0m[31merror[0m] [0m[0m	at ... ()[0m
[0m[[0m[31merror[0m] [0m[0m	at ... (Stack trace trimmed to user code only. Rerun with --full-stacktrace to see the full stack trace)[0m
[0m[[0m[31merror[0m] [0m[0m(Compile / [31mrun[0m) chisel3.package$ExpectedHardwareException: bits operated on 'SInt<32>' must be hardware, not a bare Chisel type. Perhaps you forgot to wrap it in Wire(_) or IO(_)?[0m
[0m[[0m[31merror[0m] [0m[0mTotal time: 6 s, completed 2025å¹´3æœˆ17æ—¥ ä¸‹åˆ12:57:37[0m
[0m[[0m[0mdebug[0m] [0m[0m> Exec(shell, None, None)[0m
[0m[[0m[0minfo[0m] [0m[0mshutting down sbt server[0m
